[ 2018-04-28T21:16:17+08:00 ] 127.0.0.1 /
INFO: [ app_init ] --START--
INFO: Run Behavior\BuildLiteBehavior [ RunTime:0.000008s ]
INFO: [ app_init ] --END-- [ RunTime:0.000223s ]
INFO: [ app_begin ] --START--
INFO: Run Behavior\ReadHtmlCacheBehavior [ RunTime:0.000297s ]
INFO: [ app_begin ] --END-- [ RunTime:0.000328s ]
SQL: SHOW COLUMNS FROM `tp_category` [ RunTime:0.0092s ]
SQL: SELECT * FROM `tp_category` ORDER BY sort  [ RunTime:0.0003s ]
SQL: SHOW COLUMNS FROM `tp_tag` [ RunTime:0.0034s ]
SQL: SELECT * FROM `tp_tag`  [ RunTime:0.0002s ]
SQL: SHOW COLUMNS FROM `tp_article` [ RunTime:0.0056s ]
NOTIC: [8] Undefined variable: page E:\WWW\tp-blog\thinkphp-blog\Application\Common\Model\ArticleModel.class.php 第 114 行.
NOTIC: [8] Trying to get property of non-object E:\WWW\tp-blog\thinkphp-blog\Application\Common\Model\ArticleModel.class.php 第 114 行.
NOTIC: [8] Undefined variable: page E:\WWW\tp-blog\thinkphp-blog\Application\Common\Model\ArticleModel.class.php 第 114 行.
NOTIC: [8] Trying to get property of non-object E:\WWW\tp-blog\thinkphp-blog\Application\Common\Model\ArticleModel.class.php 第 114 行.
SQL: SELECT * FROM `tp_article` WHERE `is_delete` = 0 ORDER BY addtime  [ RunTime:0.0003s ]
SQL: SHOW COLUMNS FROM `tp_article_tag` [ RunTime:0.0029s ]
SQL: SHOW COLUMNS FROM `tp_article_tag` [ RunTime:0.0050s ]
SQL: SELECT `aid`,`tname` FROM `tp_article_tag` INNER JOIN tp_tag ON tp_article_tag.tid=tp_tag.tid  WHERE ( aid=1 )  [ RunTime:0.0003s ]
SQL: SHOW COLUMNS FROM `tp_article_pic` [ RunTime:0.0042s ]
SQL: SELECT `path` FROM `tp_article_pic` WHERE ( aid=1 ) ORDER BY ap_id asc LIMIT 1   [ RunTime:0.0014s ]
SQL: SELECT `cid`,`cid`,`cname` FROM `tp_category` WHERE ( cid=1 )  [ RunTime:0.0006s ]
SQL: SELECT `aid`,`tname` FROM `tp_article_tag` INNER JOIN tp_tag ON tp_article_tag.tid=tp_tag.tid  WHERE ( aid=2 )  [ RunTime:0.0003s ]
SQL: SELECT `path` FROM `tp_article_pic` WHERE ( aid=2 ) ORDER BY ap_id asc LIMIT 1   [ RunTime:0.0003s ]
SQL: SELECT `cid`,`cid`,`cname` FROM `tp_category` WHERE ( cid=3 )  [ RunTime:0.0003s ]
NOTIC: [8] Undefined variable: article E:\WWW\tp-blog\thinkphp-blog\Application\Home\Controller\IndexController.class.php 第 25 行.
INFO: [ view_parse ] --START--
NOTIC: [2] file_get_contents(./Template/default/Home/Public/public_foot.html): failed to open stream: No such file or directory E:\WWW\tp-blog\thinkphp-blog\ThinkPHP\Library\Think\Template.class.php 第 696 行.
INFO: [ template_filter ] --START--
INFO: Run Behavior\ContentReplaceBehavior [ RunTime:0.000048s ]
INFO: [ template_filter ] --END-- [ RunTime:0.000073s ]
NOTIC: [8] Undefined index: cid E:\WWW\tp-blog\thinkphp-blog\Runtime\Cache\Home\08d30c77e78bd0ac29232fbc421b5dcd.php 第 39 行.
NOTIC: [8] Undefined index: cid E:\WWW\tp-blog\thinkphp-blog\Runtime\Cache\Home\08d30c77e78bd0ac29232fbc421b5dcd.php 第 39 行.
NOTIC: [8] Undefined index: cid E:\WWW\tp-blog\thinkphp-blog\Runtime\Cache\Home\08d30c77e78bd0ac29232fbc421b5dcd.php 第 39 行.
NOTIC: [8] Undefined index: tid E:\WWW\tp-blog\thinkphp-blog\Runtime\Cache\Home\08d30c77e78bd0ac29232fbc421b5dcd.php 第 60 行.
NOTIC: [8] Undefined index: tid E:\WWW\tp-blog\thinkphp-blog\Runtime\Cache\Home\08d30c77e78bd0ac29232fbc421b5dcd.php 第 60 行.
INFO: Run Behavior\ParseTemplateBehavior [ RunTime:0.007424s ]
INFO: [ view_parse ] --END-- [ RunTime:0.007449s ]
INFO: [ view_filter ] --START--
INFO: Run Behavior\WriteHtmlCacheBehavior [ RunTime:0.000179s ]
INFO: [ view_filter ] --END-- [ RunTime:0.000199s ]
INFO: [ app_end ] --START--
INFO: Run Behavior\ShowPageTraceBehavior [ RunTime:0.000269s ]
INFO: [ app_end ] --END-- [ RunTime:0.000291s ]

[ 2018-04-28T22:11:15+08:00 ] 127.0.0.1 /
INFO: [ app_init ] --START--
INFO: Run Behavior\BuildLiteBehavior [ RunTime:0.000008s ]
INFO: [ app_init ] --END-- [ RunTime:0.000277s ]
INFO: [ app_begin ] --START--
INFO: Run Behavior\ReadHtmlCacheBehavior [ RunTime:0.000311s ]
INFO: [ app_begin ] --END-- [ RunTime:0.000345s ]
SQL: SHOW COLUMNS FROM `tp_category` [ RunTime:0.0137s ]
SQL: SELECT * FROM `tp_category` ORDER BY sort  [ RunTime:0.0009s ]
SQL: SHOW COLUMNS FROM `tp_tag` [ RunTime:0.0089s ]
SQL: SELECT * FROM `tp_tag`  [ RunTime:0.0006s ]
SQL: SHOW COLUMNS FROM `tp_article` [ RunTime:0.0118s ]
NOTIC: [8] Undefined variable: page E:\WWW\tp-blog\thinkphp-blog\Application\Common\Model\ArticleModel.class.php 第 114 行.
NOTIC: [8] Trying to get property of non-object E:\WWW\tp-blog\thinkphp-blog\Application\Common\Model\ArticleModel.class.php 第 114 行.
NOTIC: [8] Undefined variable: page E:\WWW\tp-blog\thinkphp-blog\Application\Common\Model\ArticleModel.class.php 第 114 行.
NOTIC: [8] Trying to get property of non-object E:\WWW\tp-blog\thinkphp-blog\Application\Common\Model\ArticleModel.class.php 第 114 行.
SQL: SELECT * FROM `tp_article` WHERE `is_delete` = 0 ORDER BY addtime  [ RunTime:0.0013s ]
SQL: SHOW COLUMNS FROM `tp_article_tag` [ RunTime:0.0087s ]
SQL: SHOW COLUMNS FROM `tp_article_tag` [ RunTime:0.0091s ]
SQL: SELECT `aid`,`tname` FROM `tp_article_tag` INNER JOIN tp_tag ON tp_article_tag.tid=tp_tag.tid  WHERE ( aid=1 )  [ RunTime:0.0006s ]
SQL: SHOW COLUMNS FROM `tp_article_pic` [ RunTime:0.0089s ]
SQL: SELECT `path` FROM `tp_article_pic` WHERE ( aid=1 ) ORDER BY ap_id asc LIMIT 1   [ RunTime:0.0003s ]
SQL: SELECT `cid`,`cid`,`cname` FROM `tp_category` WHERE ( cid=1 )  [ RunTime:0.0003s ]
SQL: SELECT `aid`,`tname` FROM `tp_article_tag` INNER JOIN tp_tag ON tp_article_tag.tid=tp_tag.tid  WHERE ( aid=2 )  [ RunTime:0.0004s ]
SQL: SELECT `path` FROM `tp_article_pic` WHERE ( aid=2 ) ORDER BY ap_id asc LIMIT 1   [ RunTime:0.0013s ]
SQL: SELECT `cid`,`cid`,`cname` FROM `tp_category` WHERE ( cid=3 )  [ RunTime:0.0004s ]
NOTIC: [8] Undefined variable: article E:\WWW\tp-blog\thinkphp-blog\Application\Home\Controller\IndexController.class.php 第 25 行.
INFO: [ view_parse ] --START--
INFO: [ template_filter ] --START--
INFO: Run Behavior\ContentReplaceBehavior [ RunTime:0.000072s ]
INFO: [ template_filter ] --END-- [ RunTime:0.000105s ]
NOTIC: [8] Undefined index: cid E:\WWW\tp-blog\thinkphp-blog\Runtime\Cache\Home\08d30c77e78bd0ac29232fbc421b5dcd.php 第 39 行.
NOTIC: [8] Undefined index: cid E:\WWW\tp-blog\thinkphp-blog\Runtime\Cache\Home\08d30c77e78bd0ac29232fbc421b5dcd.php 第 39 行.
NOTIC: [8] Undefined index: cid E:\WWW\tp-blog\thinkphp-blog\Runtime\Cache\Home\08d30c77e78bd0ac29232fbc421b5dcd.php 第 39 行.
NOTIC: [8] Undefined index: tid E:\WWW\tp-blog\thinkphp-blog\Runtime\Cache\Home\08d30c77e78bd0ac29232fbc421b5dcd.php 第 62 行.
NOTIC: [8] Undefined index: tid E:\WWW\tp-blog\thinkphp-blog\Runtime\Cache\Home\08d30c77e78bd0ac29232fbc421b5dcd.php 第 62 行.
INFO: Run Behavior\ParseTemplateBehavior [ RunTime:0.024856s ]
INFO: [ view_parse ] --END-- [ RunTime:0.024893s ]
INFO: [ view_filter ] --START--
INFO: Run Behavior\WriteHtmlCacheBehavior [ RunTime:0.000242s ]
INFO: [ view_filter ] --END-- [ RunTime:0.000266s ]
INFO: [ app_end ] --START--
INFO: Run Behavior\ShowPageTraceBehavior [ RunTime:0.000410s ]
INFO: [ app_end ] --END-- [ RunTime:0.000441s ]

[ 2018-04-28T22:14:19+08:00 ] 127.0.0.1 /
INFO: [ app_init ] --START--
INFO: Run Behavior\BuildLiteBehavior [ RunTime:0.000010s ]
INFO: [ app_init ] --END-- [ RunTime:0.000294s ]
INFO: [ app_begin ] --START--
INFO: Run Behavior\ReadHtmlCacheBehavior [ RunTime:0.000364s ]
INFO: [ app_begin ] --END-- [ RunTime:0.000435s ]
SQL: SHOW COLUMNS FROM `tp_category` [ RunTime:0.0123s ]
SQL: SELECT * FROM `tp_category` ORDER BY sort  [ RunTime:0.0007s ]
SQL: SHOW COLUMNS FROM `tp_tag` [ RunTime:0.0034s ]
SQL: SELECT * FROM `tp_tag`  [ RunTime:0.0002s ]
SQL: SHOW COLUMNS FROM `tp_article` [ RunTime:0.0039s ]
NOTIC: [8] Undefined variable: page E:\WWW\tp-blog\thinkphp-blog\Application\Common\Model\ArticleModel.class.php 第 114 行.
NOTIC: [8] Trying to get property of non-object E:\WWW\tp-blog\thinkphp-blog\Application\Common\Model\ArticleModel.class.php 第 114 行.
NOTIC: [8] Undefined variable: page E:\WWW\tp-blog\thinkphp-blog\Application\Common\Model\ArticleModel.class.php 第 114 行.
NOTIC: [8] Trying to get property of non-object E:\WWW\tp-blog\thinkphp-blog\Application\Common\Model\ArticleModel.class.php 第 114 行.
SQL: SELECT * FROM `tp_article` WHERE `is_delete` = 0 ORDER BY addtime  [ RunTime:0.0003s ]
SQL: SHOW COLUMNS FROM `tp_article_tag` [ RunTime:0.0042s ]
SQL: SHOW COLUMNS FROM `tp_article_tag` [ RunTime:0.0029s ]
SQL: SELECT `aid`,`tname` FROM `tp_article_tag` INNER JOIN tp_tag ON tp_article_tag.tid=tp_tag.tid  WHERE ( aid=1 )  [ RunTime:0.0003s ]
SQL: SHOW COLUMNS FROM `tp_article_pic` [ RunTime:0.0069s ]
SQL: SELECT `path` FROM `tp_article_pic` WHERE ( aid=1 ) ORDER BY ap_id asc LIMIT 1   [ RunTime:0.0004s ]
SQL: SELECT `cid`,`cid`,`cname` FROM `tp_category` WHERE ( cid=1 )  [ RunTime:0.0003s ]
SQL: SELECT `aid`,`tname` FROM `tp_article_tag` INNER JOIN tp_tag ON tp_article_tag.tid=tp_tag.tid  WHERE ( aid=2 )  [ RunTime:0.0003s ]
SQL: SELECT `path` FROM `tp_article_pic` WHERE ( aid=2 ) ORDER BY ap_id asc LIMIT 1   [ RunTime:0.0012s ]
SQL: SELECT `cid`,`cid`,`cname` FROM `tp_category` WHERE ( cid=3 )  [ RunTime:0.0004s ]
NOTIC: [8] Undefined variable: article E:\WWW\tp-blog\thinkphp-blog\Application\Home\Controller\IndexController.class.php 第 25 行.
INFO: [ view_parse ] --START--
INFO: [ template_filter ] --START--
INFO: Run Behavior\ContentReplaceBehavior [ RunTime:0.000051s ]
INFO: [ template_filter ] --END-- [ RunTime:0.000079s ]
NOTIC: [8] Undefined index: cid E:\WWW\tp-blog\thinkphp-blog\Runtime\Cache\Home\08d30c77e78bd0ac29232fbc421b5dcd.php 第 39 行.
NOTIC: [8] Undefined index: cid E:\WWW\tp-blog\thinkphp-blog\Runtime\Cache\Home\08d30c77e78bd0ac29232fbc421b5dcd.php 第 39 行.
NOTIC: [8] Undefined index: cid E:\WWW\tp-blog\thinkphp-blog\Runtime\Cache\Home\08d30c77e78bd0ac29232fbc421b5dcd.php 第 39 行.
NOTIC: [8] Undefined index: tid E:\WWW\tp-blog\thinkphp-blog\Runtime\Cache\Home\08d30c77e78bd0ac29232fbc421b5dcd.php 第 63 行.
NOTIC: [8] Undefined index: tid E:\WWW\tp-blog\thinkphp-blog\Runtime\Cache\Home\08d30c77e78bd0ac29232fbc421b5dcd.php 第 63 行.
INFO: Run Behavior\ParseTemplateBehavior [ RunTime:0.007834s ]
INFO: [ view_parse ] --END-- [ RunTime:0.007882s ]
INFO: [ view_filter ] --START--
INFO: Run Behavior\WriteHtmlCacheBehavior [ RunTime:0.000244s ]
INFO: [ view_filter ] --END-- [ RunTime:0.000265s ]
INFO: [ app_end ] --START--
INFO: Run Behavior\ShowPageTraceBehavior [ RunTime:0.000327s ]
INFO: [ app_end ] --END-- [ RunTime:0.000350s ]

[ 2018-04-28T22:14:52+08:00 ] 127.0.0.1 /
INFO: [ app_init ] --START--
INFO: Run Behavior\BuildLiteBehavior [ RunTime:0.000049s ]
INFO: [ app_init ] --END-- [ RunTime:0.001538s ]
INFO: [ app_begin ] --START--
INFO: Run Behavior\ReadHtmlCacheBehavior [ RunTime:0.000661s ]
INFO: [ app_begin ] --END-- [ RunTime:0.000787s ]
SQL: SHOW COLUMNS FROM `tp_category` [ RunTime:0.0200s ]
SQL: SELECT * FROM `tp_category` ORDER BY sort  [ RunTime:0.0009s ]
SQL: SHOW COLUMNS FROM `tp_tag` [ RunTime:0.0133s ]
SQL: SELECT * FROM `tp_tag`  [ RunTime:0.0007s ]
SQL: SHOW COLUMNS FROM `tp_article` [ RunTime:0.0120s ]
NOTIC: [8] Undefined variable: page E:\WWW\tp-blog\thinkphp-blog\Application\Common\Model\ArticleModel.class.php 第 114 行.
NOTIC: [8] Trying to get property of non-object E:\WWW\tp-blog\thinkphp-blog\Application\Common\Model\ArticleModel.class.php 第 114 行.
NOTIC: [8] Undefined variable: page E:\WWW\tp-blog\thinkphp-blog\Application\Common\Model\ArticleModel.class.php 第 114 行.
NOTIC: [8] Trying to get property of non-object E:\WWW\tp-blog\thinkphp-blog\Application\Common\Model\ArticleModel.class.php 第 114 行.
SQL: SELECT * FROM `tp_article` WHERE `is_delete` = 0 ORDER BY addtime  [ RunTime:0.0003s ]
SQL: SHOW COLUMNS FROM `tp_article_tag` [ RunTime:0.0034s ]
SQL: SHOW COLUMNS FROM `tp_article_tag` [ RunTime:0.0034s ]
SQL: SELECT `aid`,`tname` FROM `tp_article_tag` INNER JOIN tp_tag ON tp_article_tag.tid=tp_tag.tid  WHERE ( aid=1 )  [ RunTime:0.0002s ]
SQL: SHOW COLUMNS FROM `tp_article_pic` [ RunTime:0.0072s ]
SQL: SELECT `path` FROM `tp_article_pic` WHERE ( aid=1 ) ORDER BY ap_id asc LIMIT 1   [ RunTime:0.0003s ]
SQL: SELECT `cid`,`cid`,`cname` FROM `tp_category` WHERE ( cid=1 )  [ RunTime:0.0002s ]
SQL: SELECT `aid`,`tname` FROM `tp_article_tag` INNER JOIN tp_tag ON tp_article_tag.tid=tp_tag.tid  WHERE ( aid=2 )  [ RunTime:0.0002s ]
SQL: SELECT `path` FROM `tp_article_pic` WHERE ( aid=2 ) ORDER BY ap_id asc LIMIT 1   [ RunTime:0.0002s ]
SQL: SELECT `cid`,`cid`,`cname` FROM `tp_category` WHERE ( cid=3 )  [ RunTime:0.0002s ]
NOTIC: [8] Undefined variable: article E:\WWW\tp-blog\thinkphp-blog\Application\Home\Controller\IndexController.class.php 第 25 行.
INFO: [ view_parse ] --START--
INFO: [ template_filter ] --START--
INFO: Run Behavior\ContentReplaceBehavior [ RunTime:0.000050s ]
INFO: [ template_filter ] --END-- [ RunTime:0.000079s ]
NOTIC: [8] Undefined index: cid E:\WWW\tp-blog\thinkphp-blog\Runtime\Cache\Home\08d30c77e78bd0ac29232fbc421b5dcd.php 第 39 行.
NOTIC: [8] Undefined index: cid E:\WWW\tp-blog\thinkphp-blog\Runtime\Cache\Home\08d30c77e78bd0ac29232fbc421b5dcd.php 第 39 行.
NOTIC: [8] Undefined index: cid E:\WWW\tp-blog\thinkphp-blog\Runtime\Cache\Home\08d30c77e78bd0ac29232fbc421b5dcd.php 第 39 行.
NOTIC: [8] Undefined index: tid E:\WWW\tp-blog\thinkphp-blog\Runtime\Cache\Home\08d30c77e78bd0ac29232fbc421b5dcd.php 第 63 行.
NOTIC: [8] Undefined index: tid E:\WWW\tp-blog\thinkphp-blog\Runtime\Cache\Home\08d30c77e78bd0ac29232fbc421b5dcd.php 第 63 行.
INFO: Run Behavior\ParseTemplateBehavior [ RunTime:0.007274s ]
INFO: [ view_parse ] --END-- [ RunTime:0.007301s ]
INFO: [ view_filter ] --START--
INFO: Run Behavior\WriteHtmlCacheBehavior [ RunTime:0.000150s ]
INFO: [ view_filter ] --END-- [ RunTime:0.000169s ]
INFO: [ app_end ] --START--
INFO: Run Behavior\ShowPageTraceBehavior [ RunTime:0.000273s ]
INFO: [ app_end ] --END-- [ RunTime:0.000294s ]

[ 2018-04-28T22:16:12+08:00 ] 127.0.0.1 /
INFO: [ app_init ] --START--
INFO: Run Behavior\BuildLiteBehavior [ RunTime:0.000021s ]
INFO: [ app_init ] --END-- [ RunTime:0.001236s ]
INFO: [ app_begin ] --START--
INFO: Run Behavior\ReadHtmlCacheBehavior [ RunTime:0.000614s ]
INFO: [ app_begin ] --END-- [ RunTime:0.000680s ]
SQL: SHOW COLUMNS FROM `tp_category` [ RunTime:0.0169s ]
SQL: SELECT * FROM `tp_category` ORDER BY sort  [ RunTime:0.0008s ]
SQL: SHOW COLUMNS FROM `tp_tag` [ RunTime:0.0116s ]
SQL: SELECT * FROM `tp_tag`  [ RunTime:0.0006s ]
SQL: SHOW COLUMNS FROM `tp_article` [ RunTime:0.0123s ]
NOTIC: [8] Undefined variable: page E:\WWW\tp-blog\thinkphp-blog\Application\Common\Model\ArticleModel.class.php 第 114 行.
NOTIC: [8] Trying to get property of non-object E:\WWW\tp-blog\thinkphp-blog\Application\Common\Model\ArticleModel.class.php 第 114 行.
NOTIC: [8] Undefined variable: page E:\WWW\tp-blog\thinkphp-blog\Application\Common\Model\ArticleModel.class.php 第 114 行.
NOTIC: [8] Trying to get property of non-object E:\WWW\tp-blog\thinkphp-blog\Application\Common\Model\ArticleModel.class.php 第 114 行.
SQL: SELECT * FROM `tp_article` WHERE `is_delete` = 0 ORDER BY addtime  [ RunTime:0.0011s ]
SQL: SHOW COLUMNS FROM `tp_article_tag` [ RunTime:0.0117s ]
SQL: SHOW COLUMNS FROM `tp_article_tag` [ RunTime:0.0132s ]
SQL: SELECT `aid`,`tname` FROM `tp_article_tag` INNER JOIN tp_tag ON tp_article_tag.tid=tp_tag.tid  WHERE ( aid=1 )  [ RunTime:0.0008s ]
SQL: SHOW COLUMNS FROM `tp_article_pic` [ RunTime:0.0092s ]
SQL: SELECT `path` FROM `tp_article_pic` WHERE ( aid=1 ) ORDER BY ap_id asc LIMIT 1   [ RunTime:0.0004s ]
SQL: SELECT `cid`,`cid`,`cname` FROM `tp_category` WHERE ( cid=1 )  [ RunTime:0.0004s ]
SQL: SELECT `aid`,`tname` FROM `tp_article_tag` INNER JOIN tp_tag ON tp_article_tag.tid=tp_tag.tid  WHERE ( aid=2 )  [ RunTime:0.0004s ]
SQL: SELECT `path` FROM `tp_article_pic` WHERE ( aid=2 ) ORDER BY ap_id asc LIMIT 1   [ RunTime:0.0003s ]
SQL: SELECT `cid`,`cid`,`cname` FROM `tp_category` WHERE ( cid=3 )  [ RunTime:0.0003s ]
NOTIC: [8] Undefined variable: article E:\WWW\tp-blog\thinkphp-blog\Application\Home\Controller\IndexController.class.php 第 25 行.
INFO: [ view_parse ] --START--
INFO: [ template_filter ] --START--
INFO: Run Behavior\ContentReplaceBehavior [ RunTime:0.000124s ]
INFO: [ template_filter ] --END-- [ RunTime:0.000189s ]
NOTIC: [8] Undefined index: cid E:\WWW\tp-blog\thinkphp-blog\Runtime\Cache\Home\08d30c77e78bd0ac29232fbc421b5dcd.php 第 39 行.
NOTIC: [8] Undefined index: cid E:\WWW\tp-blog\thinkphp-blog\Runtime\Cache\Home\08d30c77e78bd0ac29232fbc421b5dcd.php 第 39 行.
NOTIC: [8] Undefined index: cid E:\WWW\tp-blog\thinkphp-blog\Runtime\Cache\Home\08d30c77e78bd0ac29232fbc421b5dcd.php 第 39 行.
NOTIC: [8] Undefined index: tid E:\WWW\tp-blog\thinkphp-blog\Runtime\Cache\Home\08d30c77e78bd0ac29232fbc421b5dcd.php 第 63 行.
NOTIC: [8] Undefined index: tid E:\WWW\tp-blog\thinkphp-blog\Runtime\Cache\Home\08d30c77e78bd0ac29232fbc421b5dcd.php 第 63 行.
INFO: Run Behavior\ParseTemplateBehavior [ RunTime:0.017191s ]
INFO: [ view_parse ] --END-- [ RunTime:0.017254s ]
INFO: [ view_filter ] --START--
INFO: Run Behavior\WriteHtmlCacheBehavior [ RunTime:0.000351s ]
INFO: [ view_filter ] --END-- [ RunTime:0.000398s ]
INFO: [ app_end ] --START--
INFO: Run Behavior\ShowPageTraceBehavior [ RunTime:0.000673s ]
INFO: [ app_end ] --END-- [ RunTime:0.000727s ]

[ 2018-04-28T22:16:20+08:00 ] 127.0.0.1 /
INFO: [ app_init ] --START--
INFO: Run Behavior\BuildLiteBehavior [ RunTime:0.000010s ]
INFO: [ app_init ] --END-- [ RunTime:0.000875s ]
INFO: [ app_begin ] --START--
INFO: Run Behavior\ReadHtmlCacheBehavior [ RunTime:0.000314s ]
INFO: [ app_begin ] --END-- [ RunTime:0.000346s ]
SQL: SHOW COLUMNS FROM `tp_category` [ RunTime:0.0209s ]
SQL: SELECT * FROM `tp_category` ORDER BY sort  [ RunTime:0.0008s ]
SQL: SHOW COLUMNS FROM `tp_tag` [ RunTime:0.0118s ]
SQL: SELECT * FROM `tp_tag`  [ RunTime:0.0007s ]
SQL: SHOW COLUMNS FROM `tp_article` [ RunTime:0.0129s ]
NOTIC: [8] Undefined variable: page E:\WWW\tp-blog\thinkphp-blog\Application\Common\Model\ArticleModel.class.php 第 114 行.
NOTIC: [8] Trying to get property of non-object E:\WWW\tp-blog\thinkphp-blog\Application\Common\Model\ArticleModel.class.php 第 114 行.
NOTIC: [8] Undefined variable: page E:\WWW\tp-blog\thinkphp-blog\Application\Common\Model\ArticleModel.class.php 第 114 行.
NOTIC: [8] Trying to get property of non-object E:\WWW\tp-blog\thinkphp-blog\Application\Common\Model\ArticleModel.class.php 第 114 行.
SQL: SELECT * FROM `tp_article` WHERE `is_delete` = 0 ORDER BY addtime  [ RunTime:0.0010s ]
SQL: SHOW COLUMNS FROM `tp_article_tag` [ RunTime:0.0123s ]
SQL: SHOW COLUMNS FROM `tp_article_tag` [ RunTime:0.0115s ]
SQL: SELECT `aid`,`tname` FROM `tp_article_tag` INNER JOIN tp_tag ON tp_article_tag.tid=tp_tag.tid  WHERE ( aid=1 )  [ RunTime:0.0007s ]
SQL: SHOW COLUMNS FROM `tp_article_pic` [ RunTime:0.0063s ]
SQL: SELECT `path` FROM `tp_article_pic` WHERE ( aid=1 ) ORDER BY ap_id asc LIMIT 1   [ RunTime:0.0004s ]
SQL: SELECT `cid`,`cid`,`cname` FROM `tp_category` WHERE ( cid=1 )  [ RunTime:0.0003s ]
SQL: SELECT `aid`,`tname` FROM `tp_article_tag` INNER JOIN tp_tag ON tp_article_tag.tid=tp_tag.tid  WHERE ( aid=2 )  [ RunTime:0.0005s ]
SQL: SELECT `path` FROM `tp_article_pic` WHERE ( aid=2 ) ORDER BY ap_id asc LIMIT 1   [ RunTime:0.0003s ]
SQL: SELECT `cid`,`cid`,`cname` FROM `tp_category` WHERE ( cid=3 )  [ RunTime:0.0004s ]
NOTIC: [8] Undefined variable: article E:\WWW\tp-blog\thinkphp-blog\Application\Home\Controller\IndexController.class.php 第 25 行.
INFO: [ view_parse ] --START--
INFO: [ template_filter ] --START--
INFO: Run Behavior\ContentReplaceBehavior [ RunTime:0.000118s ]
INFO: [ template_filter ] --END-- [ RunTime:0.000182s ]
NOTIC: [8] Undefined index: cid E:\WWW\tp-blog\thinkphp-blog\Runtime\Cache\Home\08d30c77e78bd0ac29232fbc421b5dcd.php 第 39 行.
NOTIC: [8] Undefined index: cid E:\WWW\tp-blog\thinkphp-blog\Runtime\Cache\Home\08d30c77e78bd0ac29232fbc421b5dcd.php 第 39 行.
NOTIC: [8] Undefined index: cid E:\WWW\tp-blog\thinkphp-blog\Runtime\Cache\Home\08d30c77e78bd0ac29232fbc421b5dcd.php 第 39 行.
NOTIC: [8] Undefined index: tid E:\WWW\tp-blog\thinkphp-blog\Runtime\Cache\Home\08d30c77e78bd0ac29232fbc421b5dcd.php 第 63 行.
NOTIC: [8] Undefined index: tid E:\WWW\tp-blog\thinkphp-blog\Runtime\Cache\Home\08d30c77e78bd0ac29232fbc421b5dcd.php 第 63 行.
INFO: Run Behavior\ParseTemplateBehavior [ RunTime:0.020109s ]
INFO: [ view_parse ] --END-- [ RunTime:0.020188s ]
INFO: [ view_filter ] --START--
INFO: Run Behavior\WriteHtmlCacheBehavior [ RunTime:0.000618s ]
INFO: [ view_filter ] --END-- [ RunTime:0.000667s ]
INFO: [ app_end ] --START--
INFO: Run Behavior\ShowPageTraceBehavior [ RunTime:0.000502s ]
INFO: [ app_end ] --END-- [ RunTime:0.000536s ]

[ 2018-04-28T22:16:32+08:00 ] 127.0.0.1 /
INFO: [ app_init ] --START--
INFO: Run Behavior\BuildLiteBehavior [ RunTime:0.000007s ]
INFO: [ app_init ] --END-- [ RunTime:0.000221s ]
INFO: [ app_begin ] --START--
INFO: Run Behavior\ReadHtmlCacheBehavior [ RunTime:0.000290s ]
INFO: [ app_begin ] --END-- [ RunTime:0.000322s ]
SQL: SHOW COLUMNS FROM `tp_category` [ RunTime:0.0077s ]
SQL: SELECT * FROM `tp_category` ORDER BY sort  [ RunTime:0.0003s ]
SQL: SHOW COLUMNS FROM `tp_tag` [ RunTime:0.0059s ]
SQL: SELECT * FROM `tp_tag`  [ RunTime:0.0002s ]
SQL: SHOW COLUMNS FROM `tp_article` [ RunTime:0.0034s ]
NOTIC: [8] Undefined variable: page E:\WWW\tp-blog\thinkphp-blog\Application\Common\Model\ArticleModel.class.php 第 114 行.
NOTIC: [8] Trying to get property of non-object E:\WWW\tp-blog\thinkphp-blog\Application\Common\Model\ArticleModel.class.php 第 114 行.
NOTIC: [8] Undefined variable: page E:\WWW\tp-blog\thinkphp-blog\Application\Common\Model\ArticleModel.class.php 第 114 行.
NOTIC: [8] Trying to get property of non-object E:\WWW\tp-blog\thinkphp-blog\Application\Common\Model\ArticleModel.class.php 第 114 行.
SQL: SELECT * FROM `tp_article` WHERE `is_delete` = 0 ORDER BY addtime  [ RunTime:0.0003s ]
SQL: SHOW COLUMNS FROM `tp_article_tag` [ RunTime:0.0034s ]
SQL: SHOW COLUMNS FROM `tp_article_tag` [ RunTime:0.0040s ]
SQL: SELECT `aid`,`tname` FROM `tp_article_tag` INNER JOIN tp_tag ON tp_article_tag.tid=tp_tag.tid  WHERE ( aid=1 )  [ RunTime:0.0007s ]
SQL: SHOW COLUMNS FROM `tp_article_pic` [ RunTime:0.0033s ]
SQL: SELECT `path` FROM `tp_article_pic` WHERE ( aid=1 ) ORDER BY ap_id asc LIMIT 1   [ RunTime:0.0003s ]
SQL: SELECT `cid`,`cid`,`cname` FROM `tp_category` WHERE ( cid=1 )  [ RunTime:0.0011s ]
SQL: SELECT `aid`,`tname` FROM `tp_article_tag` INNER JOIN tp_tag ON tp_article_tag.tid=tp_tag.tid  WHERE ( aid=2 )  [ RunTime:0.0004s ]
SQL: SELECT `path` FROM `tp_article_pic` WHERE ( aid=2 ) ORDER BY ap_id asc LIMIT 1   [ RunTime:0.0002s ]
SQL: SELECT `cid`,`cid`,`cname` FROM `tp_category` WHERE ( cid=3 )  [ RunTime:0.0002s ]
NOTIC: [8] Undefined variable: article E:\WWW\tp-blog\thinkphp-blog\Application\Home\Controller\IndexController.class.php 第 25 行.
INFO: [ view_parse ] --START--
INFO: [ template_filter ] --START--
INFO: Run Behavior\ContentReplaceBehavior [ RunTime:0.000055s ]
INFO: [ template_filter ] --END-- [ RunTime:0.000083s ]
NOTIC: [8] Undefined index: cid E:\WWW\tp-blog\thinkphp-blog\Runtime\Cache\Home\08d30c77e78bd0ac29232fbc421b5dcd.php 第 39 行.
NOTIC: [8] Undefined index: cid E:\WWW\tp-blog\thinkphp-blog\Runtime\Cache\Home\08d30c77e78bd0ac29232fbc421b5dcd.php 第 39 行.
NOTIC: [8] Undefined index: cid E:\WWW\tp-blog\thinkphp-blog\Runtime\Cache\Home\08d30c77e78bd0ac29232fbc421b5dcd.php 第 39 行.
NOTIC: [8] Undefined index: tid E:\WWW\tp-blog\thinkphp-blog\Runtime\Cache\Home\08d30c77e78bd0ac29232fbc421b5dcd.php 第 63 行.
NOTIC: [8] Undefined index: tid E:\WWW\tp-blog\thinkphp-blog\Runtime\Cache\Home\08d30c77e78bd0ac29232fbc421b5dcd.php 第 63 行.
INFO: Run Behavior\ParseTemplateBehavior [ RunTime:0.008420s ]
INFO: [ view_parse ] --END-- [ RunTime:0.008484s ]
INFO: [ view_filter ] --START--
INFO: Run Behavior\WriteHtmlCacheBehavior [ RunTime:0.000990s ]
INFO: [ view_filter ] --END-- [ RunTime:0.001072s ]
INFO: [ app_end ] --START--
INFO: Run Behavior\ShowPageTraceBehavior [ RunTime:0.000644s ]
INFO: [ app_end ] --END-- [ RunTime:0.000690s ]

[ 2018-04-28T22:17:46+08:00 ] 127.0.0.1 /index.php/Home/Index/article/aid/1.html
INFO: [ app_init ] --START--
INFO: Run Behavior\BuildLiteBehavior [ RunTime:0.000022s ]
INFO: [ app_init ] --END-- [ RunTime:0.000676s ]
INFO: [ app_begin ] --START--
INFO: Run Behavior\ReadHtmlCacheBehavior [ RunTime:0.000336s ]
INFO: [ app_begin ] --END-- [ RunTime:0.000391s ]
SQL: SHOW COLUMNS FROM `tp_category` [ RunTime:0.0178s ]
SQL: SELECT * FROM `tp_category` ORDER BY sort  [ RunTime:0.0014s ]
SQL: SHOW COLUMNS FROM `tp_tag` [ RunTime:0.0094s ]
SQL: SELECT * FROM `tp_tag`  [ RunTime:0.0006s ]
SQL: SHOW COLUMNS FROM `tp_article` [ RunTime:0.0104s ]
SQL: SELECT * FROM `tp_article` WHERE ( aid=1 ) LIMIT 1   [ RunTime:0.0007s ]
SQL: SHOW COLUMNS FROM `tp_article_tag` [ RunTime:0.0105s ]
SQL: SELECT `tid` FROM `tp_article_tag` WHERE ( aid=1 )  [ RunTime:0.0003s ]
SQL: SHOW COLUMNS FROM `tp_article_tag` [ RunTime:0.0051s ]
SQL: SELECT `aid`,`tname` FROM `tp_article_tag` INNER JOIN tp_tag ON tp_article_tag.tid=tp_tag.tid  WHERE ( aid=1 )  [ RunTime:0.0004s ]
SQL: SELECT `cid`,`cid`,`cname` FROM `tp_category` WHERE ( cid=1 )  [ RunTime:0.0003s ]
NOTIC: [8] Undefined variable: tname E:\WWW\tp-blog\thinkphp-blog\Application\Home\Controller\IndexController.class.php 第 62 行.
INFO: [ view_parse ] --START--
INFO: [ template_filter ] --START--
INFO: Run Behavior\ContentReplaceBehavior [ RunTime:0.000085s ]
INFO: [ template_filter ] --END-- [ RunTime:0.000139s ]
NOTIC: [8] Undefined index: cid E:\WWW\tp-blog\thinkphp-blog\Runtime\Cache\Home\d4c1149384e4970b24973a696680cd70.php 第 40 行.
NOTIC: [8] Undefined index: cid E:\WWW\tp-blog\thinkphp-blog\Runtime\Cache\Home\d4c1149384e4970b24973a696680cd70.php 第 40 行.
NOTIC: [8] Undefined index: cid E:\WWW\tp-blog\thinkphp-blog\Runtime\Cache\Home\d4c1149384e4970b24973a696680cd70.php 第 40 行.
NOTIC: [8] Undefined index: tid E:\WWW\tp-blog\thinkphp-blog\Runtime\Cache\Home\d4c1149384e4970b24973a696680cd70.php 第 63 行.
INFO: Run Behavior\ParseTemplateBehavior [ RunTime:0.013218s ]
INFO: [ view_parse ] --END-- [ RunTime:0.013333s ]
INFO: [ view_filter ] --START--
INFO: Run Behavior\WriteHtmlCacheBehavior [ RunTime:0.000301s ]
INFO: [ view_filter ] --END-- [ RunTime:0.000338s ]
INFO: [ app_end ] --START--
INFO: Run Behavior\ShowPageTraceBehavior [ RunTime:0.000535s ]
INFO: [ app_end ] --END-- [ RunTime:0.000578s ]

[ 2018-04-28T22:38:47+08:00 ] 127.0.0.1 /index.php/Home/Index/article/aid/1.html
INFO: [ app_init ] --START--
INFO: Run Behavior\BuildLiteBehavior [ RunTime:0.000007s ]
INFO: [ app_init ] --END-- [ RunTime:0.000279s ]
INFO: [ app_begin ] --START--
INFO: Run Behavior\ReadHtmlCacheBehavior [ RunTime:0.000425s ]
INFO: [ app_begin ] --END-- [ RunTime:0.000466s ]
SQL: SHOW COLUMNS FROM `tp_category` [ RunTime:0.0151s ]
SQL: SELECT * FROM `tp_category` ORDER BY sort  [ RunTime:0.0006s ]
SQL: SHOW COLUMNS FROM `tp_tag` [ RunTime:0.0087s ]
SQL: SELECT * FROM `tp_tag`  [ RunTime:0.0011s ]
SQL: SHOW COLUMNS FROM `tp_article` [ RunTime:0.0098s ]
SQL: SELECT * FROM `tp_article` WHERE ( aid=1 ) LIMIT 1   [ RunTime:0.0007s ]
SQL: SHOW COLUMNS FROM `tp_article_tag` [ RunTime:0.0088s ]
SQL: SELECT `tid` FROM `tp_article_tag` WHERE ( aid=1 )  [ RunTime:0.0005s ]
SQL: SHOW COLUMNS FROM `tp_article_tag` [ RunTime:0.0082s ]
SQL: SELECT `aid`,`tname` FROM `tp_article_tag` INNER JOIN tp_tag ON tp_article_tag.tid=tp_tag.tid  WHERE ( aid=1 )  [ RunTime:0.0006s ]
SQL: SELECT `cid`,`cid`,`cname` FROM `tp_category` WHERE ( cid=1 )  [ RunTime:0.0005s ]
NOTIC: [8] Undefined variable: tname E:\WWW\tp-blog\thinkphp-blog\Application\Home\Controller\IndexController.class.php 第 62 行.
INFO: [ view_parse ] --START--
INFO: [ template_filter ] --START--
INFO: Run Behavior\ContentReplaceBehavior [ RunTime:0.000099s ]
INFO: [ template_filter ] --END-- [ RunTime:0.000141s ]
NOTIC: [8] Undefined index: cid E:\WWW\tp-blog\thinkphp-blog\Runtime\Cache\Home\d4c1149384e4970b24973a696680cd70.php 第 39 行.
NOTIC: [8] Undefined index: cid E:\WWW\tp-blog\thinkphp-blog\Runtime\Cache\Home\d4c1149384e4970b24973a696680cd70.php 第 39 行.
NOTIC: [8] Undefined index: cid E:\WWW\tp-blog\thinkphp-blog\Runtime\Cache\Home\d4c1149384e4970b24973a696680cd70.php 第 39 行.
NOTIC: [8] Undefined index: tid E:\WWW\tp-blog\thinkphp-blog\Runtime\Cache\Home\d4c1149384e4970b24973a696680cd70.php 第 61 行.
INFO: Run Behavior\ParseTemplateBehavior [ RunTime:0.039735s ]
INFO: [ view_parse ] --END-- [ RunTime:0.039805s ]
INFO: [ view_filter ] --START--
INFO: Run Behavior\WriteHtmlCacheBehavior [ RunTime:0.000327s ]
INFO: [ view_filter ] --END-- [ RunTime:0.000360s ]
INFO: [ app_end ] --START--
INFO: Run Behavior\ShowPageTraceBehavior [ RunTime:0.000512s ]
INFO: [ app_end ] --END-- [ RunTime:0.000555s ]

[ 2018-04-28T22:39:19+08:00 ] 127.0.0.1 /index.php/Home/Index/index.html
INFO: [ app_init ] --START--
INFO: Run Behavior\BuildLiteBehavior [ RunTime:0.000009s ]
INFO: [ app_init ] --END-- [ RunTime:0.000316s ]
INFO: [ app_begin ] --START--
INFO: Run Behavior\ReadHtmlCacheBehavior [ RunTime:0.001553s ]
INFO: [ app_begin ] --END-- [ RunTime:0.001708s ]
SQL: SHOW COLUMNS FROM `tp_category` [ RunTime:0.0157s ]
SQL: SELECT * FROM `tp_category` ORDER BY sort  [ RunTime:0.0007s ]
SQL: SHOW COLUMNS FROM `tp_tag` [ RunTime:0.0082s ]
SQL: SELECT * FROM `tp_tag`  [ RunTime:0.0005s ]
SQL: SHOW COLUMNS FROM `tp_article` [ RunTime:0.0104s ]
NOTIC: [8] Undefined variable: page E:\WWW\tp-blog\thinkphp-blog\Application\Common\Model\ArticleModel.class.php 第 114 行.
NOTIC: [8] Trying to get property of non-object E:\WWW\tp-blog\thinkphp-blog\Application\Common\Model\ArticleModel.class.php 第 114 行.
NOTIC: [8] Undefined variable: page E:\WWW\tp-blog\thinkphp-blog\Application\Common\Model\ArticleModel.class.php 第 114 行.
NOTIC: [8] Trying to get property of non-object E:\WWW\tp-blog\thinkphp-blog\Application\Common\Model\ArticleModel.class.php 第 114 行.
SQL: SELECT * FROM `tp_article` WHERE `is_delete` = 0 ORDER BY addtime  [ RunTime:0.0007s ]
SQL: SHOW COLUMNS FROM `tp_article_tag` [ RunTime:0.0093s ]
SQL: SHOW COLUMNS FROM `tp_article_tag` [ RunTime:0.0044s ]
SQL: SELECT `aid`,`tname` FROM `tp_article_tag` INNER JOIN tp_tag ON tp_article_tag.tid=tp_tag.tid  WHERE ( aid=1 )  [ RunTime:0.0003s ]
SQL: SHOW COLUMNS FROM `tp_article_pic` [ RunTime:0.0048s ]
SQL: SELECT `path` FROM `tp_article_pic` WHERE ( aid=1 ) ORDER BY ap_id asc LIMIT 1   [ RunTime:0.0003s ]
SQL: SELECT `cid`,`cid`,`cname` FROM `tp_category` WHERE ( cid=1 )  [ RunTime:0.0003s ]
SQL: SELECT `aid`,`tname` FROM `tp_article_tag` INNER JOIN tp_tag ON tp_article_tag.tid=tp_tag.tid  WHERE ( aid=2 )  [ RunTime:0.0012s ]
SQL: SELECT `path` FROM `tp_article_pic` WHERE ( aid=2 ) ORDER BY ap_id asc LIMIT 1   [ RunTime:0.0005s ]
SQL: SELECT `cid`,`cid`,`cname` FROM `tp_category` WHERE ( cid=3 )  [ RunTime:0.0003s ]
NOTIC: [8] Undefined variable: article E:\WWW\tp-blog\thinkphp-blog\Application\Home\Controller\IndexController.class.php 第 25 行.
INFO: [ view_parse ] --START--
INFO: [ template_filter ] --START--
INFO: Run Behavior\ContentReplaceBehavior [ RunTime:0.000089s ]
INFO: [ template_filter ] --END-- [ RunTime:0.000139s ]
NOTIC: [8] Undefined index: cid E:\WWW\tp-blog\thinkphp-blog\Runtime\Cache\Home\08d30c77e78bd0ac29232fbc421b5dcd.php 第 39 行.
NOTIC: [8] Undefined index: cid E:\WWW\tp-blog\thinkphp-blog\Runtime\Cache\Home\08d30c77e78bd0ac29232fbc421b5dcd.php 第 39 行.
NOTIC: [8] Undefined index: cid E:\WWW\tp-blog\thinkphp-blog\Runtime\Cache\Home\08d30c77e78bd0ac29232fbc421b5dcd.php 第 39 行.
NOTIC: [8] Undefined index: tid E:\WWW\tp-blog\thinkphp-blog\Runtime\Cache\Home\08d30c77e78bd0ac29232fbc421b5dcd.php 第 63 行.
NOTIC: [8] Undefined index: tid E:\WWW\tp-blog\thinkphp-blog\Runtime\Cache\Home\08d30c77e78bd0ac29232fbc421b5dcd.php 第 63 行.
INFO: Run Behavior\ParseTemplateBehavior [ RunTime:0.011817s ]
INFO: [ view_parse ] --END-- [ RunTime:0.011861s ]
INFO: [ view_filter ] --START--
INFO: Run Behavior\WriteHtmlCacheBehavior [ RunTime:0.000258s ]
INFO: [ view_filter ] --END-- [ RunTime:0.000292s ]
INFO: [ app_end ] --START--
INFO: Run Behavior\ShowPageTraceBehavior [ RunTime:0.000460s ]
INFO: [ app_end ] --END-- [ RunTime:0.000499s ]

[ 2018-04-28T22:39:24+08:00 ] 127.0.0.1 /index.php/Home/Index/article/aid/1.html
INFO: [ app_init ] --START--
INFO: Run Behavior\BuildLiteBehavior [ RunTime:0.000009s ]
INFO: [ app_init ] --END-- [ RunTime:0.000286s ]
INFO: [ app_begin ] --START--
INFO: Run Behavior\ReadHtmlCacheBehavior [ RunTime:0.000379s ]
INFO: [ app_begin ] --END-- [ RunTime:0.000422s ]
SQL: SHOW COLUMNS FROM `tp_category` [ RunTime:0.0151s ]
SQL: SELECT * FROM `tp_category` ORDER BY sort  [ RunTime:0.0003s ]
SQL: SHOW COLUMNS FROM `tp_tag` [ RunTime:0.0048s ]
SQL: SELECT * FROM `tp_tag`  [ RunTime:0.0005s ]
SQL: SHOW COLUMNS FROM `tp_article` [ RunTime:0.0042s ]
SQL: SELECT * FROM `tp_article` WHERE ( aid=1 ) LIMIT 1   [ RunTime:0.0002s ]
SQL: SHOW COLUMNS FROM `tp_article_tag` [ RunTime:0.0032s ]
SQL: SELECT `tid` FROM `tp_article_tag` WHERE ( aid=1 )  [ RunTime:0.0002s ]
SQL: SHOW COLUMNS FROM `tp_article_tag` [ RunTime:0.0033s ]
SQL: SELECT `aid`,`tname` FROM `tp_article_tag` INNER JOIN tp_tag ON tp_article_tag.tid=tp_tag.tid  WHERE ( aid=1 )  [ RunTime:0.0011s ]
SQL: SELECT `cid`,`cid`,`cname` FROM `tp_category` WHERE ( cid=1 )  [ RunTime:0.0005s ]
NOTIC: [8] Undefined variable: tname E:\WWW\tp-blog\thinkphp-blog\Application\Home\Controller\IndexController.class.php 第 62 行.
INFO: [ view_parse ] --START--
INFO: [ template_filter ] --START--
INFO: Run Behavior\ContentReplaceBehavior [ RunTime:0.000050s ]
INFO: [ template_filter ] --END-- [ RunTime:0.000075s ]
NOTIC: [8] Undefined index: cid E:\WWW\tp-blog\thinkphp-blog\Runtime\Cache\Home\d4c1149384e4970b24973a696680cd70.php 第 39 行.
NOTIC: [8] Undefined index: cid E:\WWW\tp-blog\thinkphp-blog\Runtime\Cache\Home\d4c1149384e4970b24973a696680cd70.php 第 39 行.
NOTIC: [8] Undefined index: cid E:\WWW\tp-blog\thinkphp-blog\Runtime\Cache\Home\d4c1149384e4970b24973a696680cd70.php 第 39 行.
NOTIC: [8] Undefined index: tid E:\WWW\tp-blog\thinkphp-blog\Runtime\Cache\Home\d4c1149384e4970b24973a696680cd70.php 第 61 行.
INFO: Run Behavior\ParseTemplateBehavior [ RunTime:0.006087s ]
INFO: [ view_parse ] --END-- [ RunTime:0.006122s ]
INFO: [ view_filter ] --START--
INFO: Run Behavior\WriteHtmlCacheBehavior [ RunTime:0.000204s ]
INFO: [ view_filter ] --END-- [ RunTime:0.000227s ]
INFO: [ app_end ] --START--
INFO: Run Behavior\ShowPageTraceBehavior [ RunTime:0.000284s ]
INFO: [ app_end ] --END-- [ RunTime:0.000307s ]

