[ 2018-04-14T00:21:12+08:00 ] 127.0.0.1 /index.php/Admin/Article/index.html
INFO: [ app_init ] --START--
INFO: Run Behavior\BuildLiteBehavior [ RunTime:0.000010s ]
INFO: [ app_init ] --END-- [ RunTime:0.000339s ]
INFO: [ app_begin ] --START--
INFO: Run Behavior\ReadHtmlCacheBehavior [ RunTime:0.000452s ]
INFO: [ app_begin ] --END-- [ RunTime:0.000489s ]
SQL: SHOW COLUMNS FROM `tp_article` [ RunTime:0.0159s ]
SQL: SELECT COUNT(*) AS tp_count FROM `tp_article` WHERE ( is_delete=0 ) LIMIT 1   [ RunTime:0.0007s ]
SQL: SELECT * FROM `tp_article` WHERE ( is_delete=0 ) ORDER BY addtime LIMIT 0,10   [ RunTime:0.0007s ]
SQL: SHOW COLUMNS FROM `tp_article_tag` [ RunTime:0.0103s ]
SQL: SELECT `tid` FROM `tp_article_tag` WHERE `aid` = 1  [ RunTime:0.0005s ]
SQL: SHOW COLUMNS FROM `tp_category` [ RunTime:0.0112s ]
SQL: SELECT `cname` FROM `tp_category` WHERE ( cid=1 ) LIMIT 1   [ RunTime:0.0006s ]
INFO: [ view_parse ] --START--
NOTIC: [8] Undefined index: icheck E:\WWW\tp-blog\thinkphp-blog\Application\Common\Tag\My.class.php 第 29 行.
INFO: [ template_filter ] --START--
INFO: Run Behavior\ContentReplaceBehavior [ RunTime:0.000130s ]
INFO: [ template_filter ] --END-- [ RunTime:0.000216s ]
NOTIC: [2] Illegal string offset 'aid' E:\WWW\tp-blog\thinkphp-blog\Application\Runtime\Cache\Admin\7a4184ffe8f804b12b2e7f8851dd8f7d.php 第 41 行.
NOTIC: [2] Illegal string offset 'cname' E:\WWW\tp-blog\thinkphp-blog\Application\Runtime\Cache\Admin\7a4184ffe8f804b12b2e7f8851dd8f7d.php 第 42 行.
NOTIC: [2] Illegal string offset 'title' E:\WWW\tp-blog\thinkphp-blog\Application\Runtime\Cache\Admin\7a4184ffe8f804b12b2e7f8851dd8f7d.php 第 43 行.
NOTIC: [2] Illegal string offset 'author' E:\WWW\tp-blog\thinkphp-blog\Application\Runtime\Cache\Admin\7a4184ffe8f804b12b2e7f8851dd8f7d.php 第 44 行.
NOTIC: [2] Illegal string offset 'tags' E:\WWW\tp-blog\thinkphp-blog\Application\Runtime\Cache\Admin\7a4184ffe8f804b12b2e7f8851dd8f7d.php 第 45 行.
NOTIC: [2] Illegal string offset 'is_show' E:\WWW\tp-blog\thinkphp-blog\Application\Runtime\Cache\Admin\7a4184ffe8f804b12b2e7f8851dd8f7d.php 第 46 行.
NOTIC: [2] Illegal string offset 'is_top' E:\WWW\tp-blog\thinkphp-blog\Application\Runtime\Cache\Admin\7a4184ffe8f804b12b2e7f8851dd8f7d.php 第 47 行.
NOTIC: [2] Illegal string offset 'click' E:\WWW\tp-blog\thinkphp-blog\Application\Runtime\Cache\Admin\7a4184ffe8f804b12b2e7f8851dd8f7d.php 第 48 行.
NOTIC: [2] Illegal string offset 'addtime' E:\WWW\tp-blog\thinkphp-blog\Application\Runtime\Cache\Admin\7a4184ffe8f804b12b2e7f8851dd8f7d.php 第 49 行.
NOTIC: [2] date() expects parameter 2 to be long, string given E:\WWW\tp-blog\thinkphp-blog\Application\Runtime\Cache\Admin\7a4184ffe8f804b12b2e7f8851dd8f7d.php 第 49 行.
NOTIC: [2] Illegal string offset 'aid' E:\WWW\tp-blog\thinkphp-blog\Application\Runtime\Cache\Admin\7a4184ffe8f804b12b2e7f8851dd8f7d.php 第 51 行.
NOTIC: [2] Illegal string offset 'aid' E:\WWW\tp-blog\thinkphp-blog\Application\Runtime\Cache\Admin\7a4184ffe8f804b12b2e7f8851dd8f7d.php 第 52 行.
NOTIC: [8] Undefined index: aid E:\WWW\tp-blog\thinkphp-blog\Application\Runtime\Cache\Admin\7a4184ffe8f804b12b2e7f8851dd8f7d.php 第 41 行.
NOTIC: [8] Undefined index: cname E:\WWW\tp-blog\thinkphp-blog\Application\Runtime\Cache\Admin\7a4184ffe8f804b12b2e7f8851dd8f7d.php 第 42 行.
NOTIC: [8] Undefined index: title E:\WWW\tp-blog\thinkphp-blog\Application\Runtime\Cache\Admin\7a4184ffe8f804b12b2e7f8851dd8f7d.php 第 43 行.
NOTIC: [8] Undefined index: author E:\WWW\tp-blog\thinkphp-blog\Application\Runtime\Cache\Admin\7a4184ffe8f804b12b2e7f8851dd8f7d.php 第 44 行.
NOTIC: [8] Undefined index: tags E:\WWW\tp-blog\thinkphp-blog\Application\Runtime\Cache\Admin\7a4184ffe8f804b12b2e7f8851dd8f7d.php 第 45 行.
NOTIC: [8] Undefined index: is_show E:\WWW\tp-blog\thinkphp-blog\Application\Runtime\Cache\Admin\7a4184ffe8f804b12b2e7f8851dd8f7d.php 第 46 行.
NOTIC: [8] Undefined index: is_top E:\WWW\tp-blog\thinkphp-blog\Application\Runtime\Cache\Admin\7a4184ffe8f804b12b2e7f8851dd8f7d.php 第 47 行.
NOTIC: [8] Undefined index: click E:\WWW\tp-blog\thinkphp-blog\Application\Runtime\Cache\Admin\7a4184ffe8f804b12b2e7f8851dd8f7d.php 第 48 行.
NOTIC: [8] Undefined index: addtime E:\WWW\tp-blog\thinkphp-blog\Application\Runtime\Cache\Admin\7a4184ffe8f804b12b2e7f8851dd8f7d.php 第 49 行.
NOTIC: [8] Undefined index: aid E:\WWW\tp-blog\thinkphp-blog\Application\Runtime\Cache\Admin\7a4184ffe8f804b12b2e7f8851dd8f7d.php 第 51 行.
NOTIC: [8] Undefined index: aid E:\WWW\tp-blog\thinkphp-blog\Application\Runtime\Cache\Admin\7a4184ffe8f804b12b2e7f8851dd8f7d.php 第 52 行.
INFO: Run Behavior\ParseTemplateBehavior [ RunTime:0.038802s ]
INFO: [ view_parse ] --END-- [ RunTime:0.038895s ]
INFO: [ view_filter ] --START--
INFO: Run Behavior\WriteHtmlCacheBehavior [ RunTime:0.000627s ]
INFO: [ view_filter ] --END-- [ RunTime:0.000696s ]
INFO: [ app_end ] --START--
INFO: Run Behavior\ShowPageTraceBehavior [ RunTime:0.001028s ]
INFO: [ app_end ] --END-- [ RunTime:0.001099s ]

[ 2018-04-14T00:28:53+08:00 ] 127.0.0.1 //index.php/Admin/Index/index
INFO: [ app_init ] --START--
INFO: Run Behavior\BuildLiteBehavior [ RunTime:0.000009s ]
INFO: [ app_init ] --END-- [ RunTime:0.000338s ]
INFO: [ app_begin ] --START--
INFO: Run Behavior\ReadHtmlCacheBehavior [ RunTime:0.000432s ]
INFO: [ app_begin ] --END-- [ RunTime:0.000468s ]
INFO: [ view_parse ] --START--
NOTIC: [8] Undefined index: icheck E:\WWW\tp-blog\thinkphp-blog\Application\Common\Tag\My.class.php 第 29 行.
INFO: [ template_filter ] --START--
INFO: Run Behavior\ContentReplaceBehavior [ RunTime:0.000064s ]
INFO: [ template_filter ] --END-- [ RunTime:0.000102s ]
INFO: Run Behavior\ParseTemplateBehavior [ RunTime:0.014927s ]
INFO: [ view_parse ] --END-- [ RunTime:0.014968s ]
INFO: [ view_filter ] --START--
INFO: Run Behavior\WriteHtmlCacheBehavior [ RunTime:0.000256s ]
INFO: [ view_filter ] --END-- [ RunTime:0.000282s ]
INFO: [ app_end ] --START--
INFO: Run Behavior\ShowPageTraceBehavior [ RunTime:0.000396s ]
INFO: [ app_end ] --END-- [ RunTime:0.000424s ]

[ 2018-04-14T00:28:53+08:00 ] 127.0.0.1 /index.php/Admin/Index/welcome.html
INFO: [ app_init ] --START--
INFO: Run Behavior\BuildLiteBehavior [ RunTime:0.000010s ]
INFO: [ app_init ] --END-- [ RunTime:0.000278s ]
INFO: [ app_begin ] --START--
INFO: Run Behavior\ReadHtmlCacheBehavior [ RunTime:0.000332s ]
INFO: [ app_begin ] --END-- [ RunTime:0.000374s ]
INFO: [ view_parse ] --START--
INFO: [ template_filter ] --START--
INFO: Run Behavior\ContentReplaceBehavior [ RunTime:0.000024s ]
INFO: [ template_filter ] --END-- [ RunTime:0.000063s ]
INFO: Run Behavior\ParseTemplateBehavior [ RunTime:0.006761s ]
INFO: [ view_parse ] --END-- [ RunTime:0.006879s ]
INFO: [ view_filter ] --START--
INFO: Run Behavior\WriteHtmlCacheBehavior [ RunTime:0.000185s ]
INFO: [ view_filter ] --END-- [ RunTime:0.000210s ]
INFO: [ app_end ] --START--
INFO: Run Behavior\ShowPageTraceBehavior [ RunTime:0.000410s ]
INFO: [ app_end ] --END-- [ RunTime:0.000444s ]

[ 2018-04-14T00:28:58+08:00 ] 127.0.0.1 /index.php/Admin/Article/index.html
INFO: [ app_init ] --START--
INFO: Run Behavior\BuildLiteBehavior [ RunTime:0.000008s ]
INFO: [ app_init ] --END-- [ RunTime:0.000273s ]
INFO: [ app_begin ] --START--
INFO: Run Behavior\ReadHtmlCacheBehavior [ RunTime:0.000331s ]
INFO: [ app_begin ] --END-- [ RunTime:0.000365s ]
SQL: SHOW COLUMNS FROM `tp_article` [ RunTime:0.0167s ]
SQL: SELECT COUNT(*) AS tp_count FROM `tp_article` WHERE ( is_delete=0 ) LIMIT 1   [ RunTime:0.0007s ]
SQL: SELECT * FROM `tp_article` WHERE ( is_delete=0 ) ORDER BY addtime LIMIT 0,10   [ RunTime:0.0007s ]
SQL: SHOW COLUMNS FROM `tp_article_tag` [ RunTime:0.0091s ]
SQL: SELECT `tid` FROM `tp_article_tag` WHERE `aid` = 1  [ RunTime:0.0005s ]
SQL: SHOW COLUMNS FROM `tp_category` [ RunTime:0.0105s ]
SQL: SELECT `cname` FROM `tp_category` WHERE ( cid=1 ) LIMIT 1   [ RunTime:0.0005s ]
INFO: [ view_parse ] --START--
NOTIC: [8] Undefined index: icheck E:\WWW\tp-blog\thinkphp-blog\Application\Common\Tag\My.class.php 第 29 行.
INFO: [ template_filter ] --START--
INFO: Run Behavior\ContentReplaceBehavior [ RunTime:0.000089s ]
INFO: [ template_filter ] --END-- [ RunTime:0.000193s ]
NOTIC: [8] Undefined index: tags E:\WWW\tp-blog\thinkphp-blog\Application\Runtime\Cache\Admin\7a4184ffe8f804b12b2e7f8851dd8f7d.php 第 45 行.
INFO: Run Behavior\ParseTemplateBehavior [ RunTime:0.014164s ]
INFO: [ view_parse ] --END-- [ RunTime:0.014251s ]
INFO: [ view_filter ] --START--
INFO: Run Behavior\WriteHtmlCacheBehavior [ RunTime:0.000475s ]
INFO: [ view_filter ] --END-- [ RunTime:0.000546s ]
INFO: [ app_end ] --START--
INFO: Run Behavior\ShowPageTraceBehavior [ RunTime:0.000896s ]
INFO: [ app_end ] --END-- [ RunTime:0.000977s ]

[ 2018-04-14T00:29:05+08:00 ] 127.0.0.1 /index.php/Admin/Article/edit/aid/1.html
INFO: [ app_init ] --START--
INFO: Run Behavior\BuildLiteBehavior [ RunTime:0.000016s ]
INFO: [ app_init ] --END-- [ RunTime:0.000529s ]
INFO: [ app_begin ] --START--
INFO: Run Behavior\ReadHtmlCacheBehavior [ RunTime:0.000325s ]
INFO: [ app_begin ] --END-- [ RunTime:0.000359s ]
SQL: SHOW COLUMNS FROM `tp_article` [ RunTime:0.0165s ]
SQL: SELECT * FROM `tp_article` WHERE ( aid=1 ) LIMIT 1   [ RunTime:0.0008s ]
SQL: SHOW COLUMNS FROM `tp_article_tag` [ RunTime:0.0099s ]
SQL: SELECT `tid` FROM `tp_article_tag` WHERE ( aid=1 )  [ RunTime:0.0005s ]
SQL: SHOW COLUMNS FROM `tp_category` [ RunTime:0.0107s ]
SQL: SELECT * FROM `tp_category`  [ RunTime:0.0007s ]
SQL: SHOW COLUMNS FROM `tp_tag` [ RunTime:0.0101s ]
SQL: SELECT * FROM `tp_tag`  [ RunTime:0.0006s ]
INFO: [ view_parse ] --START--
NOTIC: [8] Undefined index: icheck E:\WWW\tp-blog\thinkphp-blog\Application\Common\Tag\My.class.php 第 29 行.
NOTIC: [8] Undefined index: content E:\WWW\tp-blog\thinkphp-blog\Application\Common\Tag\My.class.php 第 58 行.
INFO: [ template_filter ] --START--
INFO: Run Behavior\ContentReplaceBehavior [ RunTime:0.000112s ]
INFO: [ template_filter ] --END-- [ RunTime:0.000185s ]
INFO: Run Behavior\ParseTemplateBehavior [ RunTime:0.016695s ]
INFO: [ view_parse ] --END-- [ RunTime:0.016797s ]
INFO: [ view_filter ] --START--
INFO: Run Behavior\WriteHtmlCacheBehavior [ RunTime:0.000502s ]
INFO: [ view_filter ] --END-- [ RunTime:0.000570s ]
INFO: [ app_end ] --START--
INFO: Run Behavior\ShowPageTraceBehavior [ RunTime:0.000937s ]
INFO: [ app_end ] --END-- [ RunTime:0.001020s ]

[ 2018-04-14T00:29:51+08:00 ] 127.0.0.1 /index.php/Admin/Article/index.html
INFO: [ app_init ] --START--
INFO: Run Behavior\BuildLiteBehavior [ RunTime:0.000009s ]
INFO: [ app_init ] --END-- [ RunTime:0.000267s ]
INFO: [ app_begin ] --START--
INFO: Run Behavior\ReadHtmlCacheBehavior [ RunTime:0.000331s ]
INFO: [ app_begin ] --END-- [ RunTime:0.000366s ]
SQL: SHOW COLUMNS FROM `tp_article` [ RunTime:0.0166s ]
SQL: SELECT COUNT(*) AS tp_count FROM `tp_article` WHERE ( is_delete=0 ) LIMIT 1   [ RunTime:0.0006s ]
SQL: SELECT * FROM `tp_article` WHERE ( is_delete=0 ) ORDER BY addtime LIMIT 0,10   [ RunTime:0.0008s ]
SQL: SHOW COLUMNS FROM `tp_article_tag` [ RunTime:0.0099s ]
SQL: SELECT `tid` FROM `tp_article_tag` WHERE `aid` = 1  [ RunTime:0.0006s ]
SQL: SHOW COLUMNS FROM `tp_category` [ RunTime:0.0113s ]
SQL: SELECT `cname` FROM `tp_category` WHERE ( cid=1 ) LIMIT 1   [ RunTime:0.0006s ]
INFO: [ view_parse ] --START--
NOTIC: [8] Undefined index: icheck E:\WWW\tp-blog\thinkphp-blog\Application\Common\Tag\My.class.php 第 29 行.
INFO: [ template_filter ] --START--
INFO: Run Behavior\ContentReplaceBehavior [ RunTime:0.000101s ]
INFO: [ template_filter ] --END-- [ RunTime:0.000192s ]
NOTIC: [8] Undefined index: tags E:\WWW\tp-blog\thinkphp-blog\Application\Runtime\Cache\Admin\7a4184ffe8f804b12b2e7f8851dd8f7d.php 第 45 行.
INFO: Run Behavior\ParseTemplateBehavior [ RunTime:0.015129s ]
INFO: [ view_parse ] --END-- [ RunTime:0.015232s ]
INFO: [ view_filter ] --START--
INFO: Run Behavior\WriteHtmlCacheBehavior [ RunTime:0.000554s ]
INFO: [ view_filter ] --END-- [ RunTime:0.000628s ]
INFO: [ app_end ] --START--
INFO: Run Behavior\ShowPageTraceBehavior [ RunTime:0.001019s ]
INFO: [ app_end ] --END-- [ RunTime:0.001109s ]

[ 2018-04-14T00:29:54+08:00 ] 127.0.0.1 /index.php/Admin/Article/edit/aid/1.html
INFO: [ app_init ] --START--
INFO: Run Behavior\BuildLiteBehavior [ RunTime:0.000009s ]
INFO: [ app_init ] --END-- [ RunTime:0.000289s ]
INFO: [ app_begin ] --START--
INFO: Run Behavior\ReadHtmlCacheBehavior [ RunTime:0.000357s ]
INFO: [ app_begin ] --END-- [ RunTime:0.000392s ]
SQL: SHOW COLUMNS FROM `tp_article` [ RunTime:0.0166s ]
SQL: SELECT * FROM `tp_article` WHERE ( aid=1 ) LIMIT 1   [ RunTime:0.0008s ]
SQL: SHOW COLUMNS FROM `tp_article_tag` [ RunTime:0.0095s ]
SQL: SELECT `tid` FROM `tp_article_tag` WHERE ( aid=1 )  [ RunTime:0.0006s ]
SQL: SHOW COLUMNS FROM `tp_category` [ RunTime:0.0110s ]
SQL: SELECT * FROM `tp_category`  [ RunTime:0.0006s ]
SQL: SHOW COLUMNS FROM `tp_tag` [ RunTime:0.0091s ]
SQL: SELECT * FROM `tp_tag`  [ RunTime:0.0005s ]
INFO: [ view_parse ] --START--
NOTIC: [8] Undefined index: icheck E:\WWW\tp-blog\thinkphp-blog\Application\Common\Tag\My.class.php 第 29 行.
NOTIC: [8] Undefined index: content E:\WWW\tp-blog\thinkphp-blog\Application\Common\Tag\My.class.php 第 58 行.
INFO: [ template_filter ] --START--
INFO: Run Behavior\ContentReplaceBehavior [ RunTime:0.000109s ]
INFO: [ template_filter ] --END-- [ RunTime:0.000183s ]
INFO: Run Behavior\ParseTemplateBehavior [ RunTime:0.014912s ]
INFO: [ view_parse ] --END-- [ RunTime:0.015010s ]
INFO: [ view_filter ] --START--
INFO: Run Behavior\WriteHtmlCacheBehavior [ RunTime:0.000506s ]
INFO: [ view_filter ] --END-- [ RunTime:0.000575s ]
INFO: [ app_end ] --START--
INFO: Run Behavior\ShowPageTraceBehavior [ RunTime:0.000926s ]
INFO: [ app_end ] --END-- [ RunTime:0.001009s ]

[ 2018-04-14T00:36:06+08:00 ] 127.0.0.1 /index.php/Admin/Article/index.html
INFO: [ app_init ] --START--
INFO: Run Behavior\BuildLiteBehavior [ RunTime:0.000009s ]
INFO: [ app_init ] --END-- [ RunTime:0.000340s ]
INFO: [ app_begin ] --START--
INFO: Run Behavior\ReadHtmlCacheBehavior [ RunTime:0.000427s ]
INFO: [ app_begin ] --END-- [ RunTime:0.000464s ]
SQL: SHOW COLUMNS FROM `tp_article` [ RunTime:0.0098s ]
SQL: SELECT COUNT(*) AS tp_count FROM `tp_article` WHERE ( is_delete=0 ) LIMIT 1   [ RunTime:0.0003s ]
SQL: SELECT * FROM `tp_article` WHERE ( is_delete=0 ) ORDER BY addtime LIMIT 0,10   [ RunTime:0.0003s ]
SQL: SHOW COLUMNS FROM `tp_article_tag` [ RunTime:0.0043s ]
SQL: SELECT `tid` FROM `tp_article_tag` WHERE `aid` = 1  [ RunTime:0.0003s ]
SQL: SHOW COLUMNS FROM `tp_category` [ RunTime:0.0049s ]
SQL: SELECT `cname` FROM `tp_category` WHERE ( cid=1 ) LIMIT 1   [ RunTime:0.0003s ]
INFO: [ view_parse ] --START--
NOTIC: [8] Undefined index: icheck E:\WWW\tp-blog\thinkphp-blog\Application\Common\Tag\My.class.php 第 29 行.
INFO: [ template_filter ] --START--
INFO: Run Behavior\ContentReplaceBehavior [ RunTime:0.000115s ]
INFO: [ template_filter ] --END-- [ RunTime:0.000193s ]
NOTIC: [8] Undefined index: tags E:\WWW\tp-blog\thinkphp-blog\Application\Runtime\Cache\Admin\7a4184ffe8f804b12b2e7f8851dd8f7d.php 第 45 行.
INFO: Run Behavior\ParseTemplateBehavior [ RunTime:0.021672s ]
INFO: [ view_parse ] --END-- [ RunTime:0.021737s ]
INFO: [ view_filter ] --START--
INFO: Run Behavior\WriteHtmlCacheBehavior [ RunTime:0.000641s ]
INFO: [ view_filter ] --END-- [ RunTime:0.000707s ]
INFO: [ app_end ] --START--
INFO: Run Behavior\ShowPageTraceBehavior [ RunTime:0.001017s ]
INFO: [ app_end ] --END-- [ RunTime:0.001094s ]

[ 2018-04-14T00:36:54+08:00 ] 127.0.0.1 /index.php/Admin/Article/index.html
INFO: [ app_init ] --START--
INFO: Run Behavior\BuildLiteBehavior [ RunTime:0.000009s ]
INFO: [ app_init ] --END-- [ RunTime:0.000445s ]
INFO: [ app_begin ] --START--
INFO: Run Behavior\ReadHtmlCacheBehavior [ RunTime:0.000325s ]
INFO: [ app_begin ] --END-- [ RunTime:0.000361s ]
SQL: SHOW COLUMNS FROM `tp_article` [ RunTime:0.0165s ]
SQL: SELECT COUNT(*) AS tp_count FROM `tp_article` WHERE ( is_delete=0 ) LIMIT 1   [ RunTime:0.0006s ]
SQL: SELECT * FROM `tp_article` WHERE ( is_delete=0 ) ORDER BY addtime LIMIT 0,10   [ RunTime:0.0007s ]
SQL: SHOW COLUMNS FROM `tp_article_tag` [ RunTime:0.0096s ]
SQL: SELECT `tid` FROM `tp_article_tag` WHERE `aid` = 1  [ RunTime:0.0005s ]
SQL: SHOW COLUMNS FROM `tp_category` [ RunTime:0.0105s ]
SQL: SELECT `cname` FROM `tp_category` WHERE ( cid=1 ) LIMIT 1   [ RunTime:0.0005s ]
INFO: [ view_parse ] --START--
NOTIC: [8] Undefined index: icheck E:\WWW\tp-blog\thinkphp-blog\Application\Common\Tag\My.class.php 第 29 行.
INFO: [ template_filter ] --START--
INFO: Run Behavior\ContentReplaceBehavior [ RunTime:0.000100s ]
INFO: [ template_filter ] --END-- [ RunTime:0.000190s ]
NOTIC: [8] Undefined index: tags E:\WWW\tp-blog\thinkphp-blog\Application\Runtime\Cache\Admin\7a4184ffe8f804b12b2e7f8851dd8f7d.php 第 45 行.
INFO: Run Behavior\ParseTemplateBehavior [ RunTime:0.014800s ]
INFO: [ view_parse ] --END-- [ RunTime:0.014899s ]
INFO: [ view_filter ] --START--
INFO: Run Behavior\WriteHtmlCacheBehavior [ RunTime:0.000550s ]
INFO: [ view_filter ] --END-- [ RunTime:0.000629s ]
INFO: [ app_end ] --START--
INFO: Run Behavior\ShowPageTraceBehavior [ RunTime:0.001006s ]
INFO: [ app_end ] --END-- [ RunTime:0.001093s ]

