[ 2018-04-12T20:09:46+08:00 ] 127.0.0.1 /index.php/Admin/Category/add.html
INFO: [ app_init ] --START--
INFO: Run Behavior\BuildLiteBehavior [ RunTime:0.000008s ]
INFO: [ app_init ] --END-- [ RunTime:0.000604s ]
INFO: [ app_begin ] --START--
INFO: Run Behavior\ReadHtmlCacheBehavior [ RunTime:0.000439s ]
INFO: [ app_begin ] --END-- [ RunTime:0.000470s ]
SQL: SHOW COLUMNS FROM `tp_category` [ RunTime:0.0167s ]
SQL: SELECT * FROM `tp_category`  [ RunTime:0.0007s ]
INFO: [ view_parse ] --START--
INFO: [ template_filter ] --START--
INFO: Run Behavior\ContentReplaceBehavior [ RunTime:0.000063s ]
INFO: [ template_filter ] --END-- [ RunTime:0.000113s ]
INFO: Run Behavior\ParseTemplateBehavior [ RunTime:0.030501s ]
INFO: [ view_parse ] --END-- [ RunTime:0.030628s ]
INFO: [ view_filter ] --START--
INFO: Run Behavior\WriteHtmlCacheBehavior [ RunTime:0.000361s ]
INFO: [ view_filter ] --END-- [ RunTime:0.000399s ]
INFO: [ app_end ] --START--
INFO: Run Behavior\ShowPageTraceBehavior [ RunTime:0.000610s ]
INFO: [ app_end ] --END-- [ RunTime:0.000652s ]

[ 2018-04-12T20:09:48+08:00 ] 127.0.0.1 /index.php/Admin/Category/index.html
INFO: [ app_init ] --START--
INFO: Run Behavior\BuildLiteBehavior [ RunTime:0.000010s ]
INFO: [ app_init ] --END-- [ RunTime:0.000275s ]
INFO: [ app_begin ] --START--
INFO: Run Behavior\ReadHtmlCacheBehavior [ RunTime:0.000333s ]
INFO: [ app_begin ] --END-- [ RunTime:0.000368s ]
SQL: SHOW COLUMNS FROM `tp_category` [ RunTime:0.0159s ]
SQL: SELECT * FROM `tp_category`  [ RunTime:0.0007s ]
INFO: [ view_parse ] --START--
INFO: [ template_filter ] --START--
INFO: Run Behavior\ContentReplaceBehavior [ RunTime:0.000089s ]
INFO: [ template_filter ] --END-- [ RunTime:0.000191s ]
NOTIC: [8] Undefined index: keyword E:\WWW\tp-blog\thinkphp-blog\Application\Runtime\Cache\Admin\9bfef0f9f473c596f668b6c9a32bfd5c.php 第 31 行.
NOTIC: [8] Undefined index: des E:\WWW\tp-blog\thinkphp-blog\Application\Runtime\Cache\Admin\9bfef0f9f473c596f668b6c9a32bfd5c.php 第 32 行.
NOTIC: [8] Undefined index: keyword E:\WWW\tp-blog\thinkphp-blog\Application\Runtime\Cache\Admin\9bfef0f9f473c596f668b6c9a32bfd5c.php 第 31 行.
NOTIC: [8] Undefined index: des E:\WWW\tp-blog\thinkphp-blog\Application\Runtime\Cache\Admin\9bfef0f9f473c596f668b6c9a32bfd5c.php 第 32 行.
NOTIC: [8] Undefined index: keyword E:\WWW\tp-blog\thinkphp-blog\Application\Runtime\Cache\Admin\9bfef0f9f473c596f668b6c9a32bfd5c.php 第 31 行.
NOTIC: [8] Undefined index: des E:\WWW\tp-blog\thinkphp-blog\Application\Runtime\Cache\Admin\9bfef0f9f473c596f668b6c9a32bfd5c.php 第 32 行.
INFO: Run Behavior\ParseTemplateBehavior [ RunTime:0.015203s ]
INFO: [ view_parse ] --END-- [ RunTime:0.015301s ]
INFO: [ view_filter ] --START--
INFO: Run Behavior\WriteHtmlCacheBehavior [ RunTime:0.000571s ]
INFO: [ view_filter ] --END-- [ RunTime:0.000647s ]
INFO: [ app_end ] --START--
INFO: Run Behavior\ShowPageTraceBehavior [ RunTime:0.001138s ]
INFO: [ app_end ] --END-- [ RunTime:0.001247s ]

[ 2018-04-12T20:17:48+08:00 ] 127.0.0.1 /index.php/Admin/Article/add.html
INFO: [ app_init ] --START--
INFO: Run Behavior\BuildLiteBehavior [ RunTime:0.000007s ]
INFO: [ app_init ] --END-- [ RunTime:0.000305s ]
INFO: [ app_begin ] --START--
INFO: Run Behavior\ReadHtmlCacheBehavior [ RunTime:0.000296s ]
INFO: [ app_begin ] --END-- [ RunTime:0.000324s ]
SQL: SHOW COLUMNS FROM `tp_article` [ RunTime:0.0168s ]
ERR: 模板不存在:./Application/Admin/View/Article/add.html

